<?xml version="1.0" encoding="UTF-8"?>
<!-- Generated by org.testng.reporters.JUnitReportReporter -->
<testsuite skipped="0" hostname="PRAVEEN-NAIK" name="scenario.Scenario14" tests="1" failures="0" timestamp="07 Jun 2019 16:01:00 GMT" time="72.090" errors="0">
  <testcase name="test14" time="72.090" classname="scenario.Scenario14"/>
</testsuite> <!-- scenario.Scenario14 -->
