<?xml version="1.0" encoding="UTF-8"?>
<!-- Generated by org.testng.reporters.JUnitReportReporter -->
<testsuite skipped="0" hostname="PRAVEEN-NAIK" name="scenario.Scenario11" tests="1" failures="0" timestamp="07 Jun 2019 17:02:51 GMT" time="207.258" errors="0">
  <testcase name="test11" time="207.258" classname="scenario.Scenario11"/>
</testsuite> <!-- scenario.Scenario11 -->
