<?xml version="1.0" encoding="UTF-8"?>
<!-- Generated by org.testng.reporters.JUnitReportReporter -->
<testsuite skipped="0" hostname="PRAVEEN-NAIK" name="scenario.Scenario12" tests="1" failures="0" timestamp="07 Jun 2019 15:00:23 GMT" time="22.185" errors="0">
  <testcase name="test12" time="22.185" classname="scenario.Scenario12"/>
</testsuite> <!-- scenario.Scenario12 -->
