<?xml version="1.0" encoding="UTF-8"?>
<!-- Generated by org.testng.reporters.JUnitReportReporter -->
<testsuite skipped="0" hostname="PRAVEEN-NAIK" name="scenario.Scenario13" tests="1" failures="0" timestamp="07 Jun 2019 15:00:23 GMT" time="31.563" errors="0">
  <testcase name="test13" time="31.563" classname="scenario.Scenario13"/>
</testsuite> <!-- scenario.Scenario13 -->
